<?xml version="1.0" encoding="UTF-8"?>
<!-- Generated by org.testng.reporters.JUnitXMLReporter -->
<testsuite ignored="0" hostname="DESKTOP-4DT1PGC" failures="0" tests="4" name="TechFios Test" time="36.35" errors="0" timestamp="11 Mar 2019 00:23:22 GMT">
  <testcase classname="com.TestCases.LoginPageTest" name="VerifyLogoOfThePage" time="0.059"/>
  <testcase classname="com.TestCases.LoginPageTest" name="VerifyTitleOfThePage" time="0.011"/>
  <testcase classname="com.TestCases.LoginPageTest" name="VerifyLoginPage" time="1.924"/>
  <testcase classname="com.TestCases.LoginPageTest" name="VerifyErrorMessage" time="6.291"/>
</testsuite> <!-- TechFios Test -->
