<?xml version="1.0" encoding="UTF-8"?>
<!-- Generated by org.testng.reporters.JUnitXMLReporter -->
<testsuite ignored="0" hostname="DESKTOP-4DT1PGC" failures="0" tests="4" name="Tech Fios Test" time="32.491" errors="0" timestamp="06 Mar 2019 02:21:18 GMT">
  <testcase classname="com.TestCases.LoginPageTest" name="VerifyLogoOfThePage" time="0.083"/>
  <testcase classname="com.TestCases.LoginPageTest" name="VerifyTitleOfThePage" time="0.013"/>
  <testcase classname="com.TestCases.LoginPageTest" name="VerifyLoginPage" time="2.652"/>
  <testcase classname="com.TestCases.LoginPageTest" name="VerifyErrorMessage" time="6.566"/>
</testsuite> <!-- Tech Fios Test -->
