<?xml version="1.0" encoding="UTF-8"?>
<!-- Generated by org.testng.reporters.JUnitXMLReporter -->
<testsuite ignored="0" hostname="DESKTOP-4DT1PGC" failures="0" tests="5" name="Default test" time="43.785" errors="0" timestamp="23 Mar 2019 01:21:51 GMT">
  <testcase classname="com.TestCases.LoginPageTest" name="VerifyLogoOfThePage" time="0.059"/>
  <testcase classname="com.TestCases.LoginPageTest" name="VerifyTitleOfThePage" time="0.008"/>
  <testcase classname="com.TestCases.LoginPageTest" name="VerifyLoginPage" time="2.479"/>
  <testcase classname="com.TestCases.LoginPageTest" name="VerifyErrorMessageWithInvalidUserNamePassword" time="6.622"/>
  <testcase classname="com.TestCases.LoginPageTest" name="VerifyUserInHomePage" time="2.603"/>
</testsuite> <!-- Default test -->
