<?xml version="1.0" encoding="UTF-8"?>
<!-- Generated by org.testng.reporters.JUnitXMLReporter -->
<testsuite ignored="0" hostname="DESKTOP-4DT1PGC" failures="0" tests="5" name="Default test" time="39.44" errors="0" timestamp="21 Mar 2019 17:59:08 GMT">
  <testcase classname="com.TestCases.LoginPageTest" name="VerifyLogoOfThePage" time="0.048"/>
  <testcase classname="com.TestCases.LoginPageTest" name="VerifyTitleOfThePage" time="0.009"/>
  <testcase classname="com.TestCases.LoginPageTest" name="VerifyLoginPage" time="2.25"/>
  <testcase classname="com.TestCases.LoginPageTest" name="VerifyErrorMessageWithInvalidUserNamePassword" time="6.766"/>
  <testcase classname="com.TestCases.LoginPageTest" name="VerifyUserInHomePage" time="2.242"/>
</testsuite> <!-- Default test -->
