<?xml version="1.0" encoding="UTF-8"?>
<!-- Generated by org.testng.reporters.JUnitXMLReporter -->
<testsuite ignored="1" hostname="DESKTOP-4DT1PGC" failures="0" tests="5" name="TechfiosPageTest" time="128.719" errors="0" timestamp="21 Mar 2019 17:54:12 GMT">
  <testcase classname="com.TestCases.LoginPageTest" name="VerifyLogoOfThePage" time="0.055"/>
  <testcase classname="com.TestCases.ProductNServicesPageTest" name="CreateNewOrder" time="22.457"/>
  <testcase classname="com.TestCases.ProductNServicesPageTest" name="CreateNewOrder" time="22.579"/>
  <testcase classname="com.TestCases.ProductNServicesPageTest" name="CreateNewOrder" time="22.271"/>
  <testcase classname="com.TestCases.ProductNServicesPageTest" name="CreateNewOrder" time="22.492"/>
  <testcase classname="com.TestBase.TestBase" name="@BeforeTest log" time="0.0">
    <ignored/>
  </testcase> <!-- @BeforeTest log -->
</testsuite> <!-- TechfiosPageTest -->
