<?xml version="1.0" encoding="UTF-8"?>
<testng-results ignored="0" total="5" passed="5" failed="0" skipped="0">
  <reporter-output>
  </reporter-output>
  <suite started-at="2019-03-23T01:21:07Z" name="Default suite" finished-at="2019-03-23T01:21:51Z" duration-ms="43785">
    <groups>
    </groups>
    <test started-at="2019-03-23T01:21:07Z" name="Default test" finished-at="2019-03-23T01:21:51Z" duration-ms="43785">
      <class name="com.TestCases.LoginPageTest">
        <test-method is-config="true" signature="log()[pri:0, instance:com.TestCases.LoginPageTest@6fdbe764]" started-at="2019-03-23T01:21:07Z" name="log" finished-at="2019-03-23T01:21:07Z" duration-ms="27" status="PASS">
          <reporter-output>
          </reporter-output>
        </test-method> <!-- log -->
        <test-method is-config="true" signature="SetUp()[pri:0, instance:com.TestCases.LoginPageTest@6fdbe764]" started-at="2019-03-23T01:21:07Z" name="SetUp" finished-at="2019-03-23T01:21:15Z" duration-ms="7564" status="PASS">
          <reporter-output>
          </reporter-output>
        </test-method> <!-- SetUp -->
        <test-method signature="VerifyLogoOfThePage()[pri:0, instance:com.TestCases.LoginPageTest@6fdbe764]" started-at="2019-03-23T01:21:15Z" name="VerifyLogoOfThePage" finished-at="2019-03-23T01:21:15Z" duration-ms="59" status="PASS">
          <reporter-output>
          </reporter-output>
        </test-method> <!-- VerifyLogoOfThePage -->
        <test-method is-config="true" signature="TearDown()[pri:0, instance:com.TestCases.LoginPageTest@6fdbe764]" started-at="2019-03-23T01:21:15Z" name="TearDown" finished-at="2019-03-23T01:21:16Z" duration-ms="743" status="PASS">
          <reporter-output>
          </reporter-output>
        </test-method> <!-- TearDown -->
        <test-method is-config="true" signature="SetUp()[pri:0, instance:com.TestCases.LoginPageTest@6fdbe764]" started-at="2019-03-23T01:21:16Z" name="SetUp" finished-at="2019-03-23T01:21:21Z" duration-ms="5359" status="PASS">
          <reporter-output>
          </reporter-output>
        </test-method> <!-- SetUp -->
        <test-method signature="VerifyTitleOfThePage()[pri:1, instance:com.TestCases.LoginPageTest@6fdbe764]" started-at="2019-03-23T01:21:21Z" name="VerifyTitleOfThePage" finished-at="2019-03-23T01:21:21Z" duration-ms="8" status="PASS">
          <reporter-output>
          </reporter-output>
        </test-method> <!-- VerifyTitleOfThePage -->
        <test-method is-config="true" signature="TearDown()[pri:0, instance:com.TestCases.LoginPageTest@6fdbe764]" started-at="2019-03-23T01:21:21Z" name="TearDown" finished-at="2019-03-23T01:21:22Z" duration-ms="720" status="PASS">
          <reporter-output>
          </reporter-output>
        </test-method> <!-- TearDown -->
        <test-method is-config="true" signature="SetUp()[pri:0, instance:com.TestCases.LoginPageTest@6fdbe764]" started-at="2019-03-23T01:21:22Z" name="SetUp" finished-at="2019-03-23T01:21:27Z" duration-ms="5296" status="PASS">
          <reporter-output>
          </reporter-output>
        </test-method> <!-- SetUp -->
        <test-method signature="VerifyLoginPage()[pri:2, instance:com.TestCases.LoginPageTest@6fdbe764]" started-at="2019-03-23T01:21:27Z" name="VerifyLoginPage" finished-at="2019-03-23T01:21:30Z" duration-ms="2479" status="PASS">
          <reporter-output>
          </reporter-output>
        </test-method> <!-- VerifyLoginPage -->
        <test-method is-config="true" signature="TearDown()[pri:0, instance:com.TestCases.LoginPageTest@6fdbe764]" started-at="2019-03-23T01:21:30Z" name="TearDown" finished-at="2019-03-23T01:21:30Z" duration-ms="676" status="PASS">
          <reporter-output>
          </reporter-output>
        </test-method> <!-- TearDown -->
        <test-method is-config="true" signature="SetUp()[pri:0, instance:com.TestCases.LoginPageTest@6fdbe764]" started-at="2019-03-23T01:21:30Z" name="SetUp" finished-at="2019-03-23T01:21:36Z" duration-ms="5120" status="PASS">
          <reporter-output>
          </reporter-output>
        </test-method> <!-- SetUp -->
        <test-method signature="VerifyErrorMessageWithInvalidUserNamePassword()[pri:3, instance:com.TestCases.LoginPageTest@6fdbe764]" started-at="2019-03-23T01:21:36Z" name="VerifyErrorMessageWithInvalidUserNamePassword" finished-at="2019-03-23T01:21:42Z" duration-ms="6622" status="PASS">
          <reporter-output>
          </reporter-output>
        </test-method> <!-- VerifyErrorMessageWithInvalidUserNamePassword -->
        <test-method is-config="true" signature="TearDown()[pri:0, instance:com.TestCases.LoginPageTest@6fdbe764]" started-at="2019-03-23T01:21:42Z" name="TearDown" finished-at="2019-03-23T01:21:43Z" duration-ms="702" status="PASS">
          <reporter-output>
          </reporter-output>
        </test-method> <!-- TearDown -->
        <test-method is-config="true" signature="SetUp()[pri:0, instance:com.TestCases.LoginPageTest@6fdbe764]" started-at="2019-03-23T01:21:43Z" name="SetUp" finished-at="2019-03-23T01:21:48Z" duration-ms="5049" status="PASS">
          <reporter-output>
          </reporter-output>
        </test-method> <!-- SetUp -->
        <test-method signature="VerifyUserInHomePage()[pri:4, instance:com.TestCases.LoginPageTest@6fdbe764]" started-at="2019-03-23T01:21:48Z" name="VerifyUserInHomePage" finished-at="2019-03-23T01:21:50Z" duration-ms="2603" status="PASS">
          <reporter-output>
          </reporter-output>
        </test-method> <!-- VerifyUserInHomePage -->
        <test-method is-config="true" signature="TearDown()[pri:0, instance:com.TestCases.LoginPageTest@6fdbe764]" started-at="2019-03-23T01:21:51Z" name="TearDown" finished-at="2019-03-23T01:21:51Z" duration-ms="702" status="PASS">
          <reporter-output>
          </reporter-output>
        </test-method> <!-- TearDown -->
      </class> <!-- com.TestCases.LoginPageTest -->
    </test> <!-- Default test -->
  </suite> <!-- Default suite -->
</testng-results>
