<?xml version="1.0" encoding="UTF-8"?>
<testng-results ignored="0" total="5" passed="5" failed="0" skipped="0">
  <reporter-output>
  </reporter-output>
  <suite started-at="2019-03-21T17:58:29Z" name="Default suite" finished-at="2019-03-21T17:59:08Z" duration-ms="39440">
    <groups>
    </groups>
    <test started-at="2019-03-21T17:58:29Z" name="Default test" finished-at="2019-03-21T17:59:08Z" duration-ms="39440">
      <class name="com.TestCases.LoginPageTest">
        <test-method is-config="true" signature="log()[pri:0, instance:com.TestCases.LoginPageTest@2e3967ea]" started-at="2019-03-21T17:58:29Z" name="log" finished-at="2019-03-21T17:58:29Z" duration-ms="16" status="PASS">
          <reporter-output>
          </reporter-output>
        </test-method> <!-- log -->
        <test-method is-config="true" signature="SetUp()[pri:0, instance:com.TestCases.LoginPageTest@2e3967ea]" started-at="2019-03-21T17:58:29Z" name="SetUp" finished-at="2019-03-21T17:58:34Z" duration-ms="5473" status="PASS">
          <reporter-output>
          </reporter-output>
        </test-method> <!-- SetUp -->
        <test-method signature="VerifyLogoOfThePage()[pri:0, instance:com.TestCases.LoginPageTest@2e3967ea]" started-at="2019-03-21T17:58:34Z" name="VerifyLogoOfThePage" finished-at="2019-03-21T17:58:34Z" duration-ms="48" status="PASS">
          <reporter-output>
          </reporter-output>
        </test-method> <!-- VerifyLogoOfThePage -->
        <test-method is-config="true" signature="TearDown()[pri:0, instance:com.TestCases.LoginPageTest@2e3967ea]" started-at="2019-03-21T17:58:34Z" name="TearDown" finished-at="2019-03-21T17:58:35Z" duration-ms="642" status="PASS">
          <reporter-output>
          </reporter-output>
        </test-method> <!-- TearDown -->
        <test-method is-config="true" signature="SetUp()[pri:0, instance:com.TestCases.LoginPageTest@2e3967ea]" started-at="2019-03-21T17:58:35Z" name="SetUp" finished-at="2019-03-21T17:58:40Z" duration-ms="5143" status="PASS">
          <reporter-output>
          </reporter-output>
        </test-method> <!-- SetUp -->
        <test-method signature="VerifyTitleOfThePage()[pri:1, instance:com.TestCases.LoginPageTest@2e3967ea]" started-at="2019-03-21T17:58:40Z" name="VerifyTitleOfThePage" finished-at="2019-03-21T17:58:40Z" duration-ms="9" status="PASS">
          <reporter-output>
          </reporter-output>
        </test-method> <!-- VerifyTitleOfThePage -->
        <test-method is-config="true" signature="TearDown()[pri:0, instance:com.TestCases.LoginPageTest@2e3967ea]" started-at="2019-03-21T17:58:40Z" name="TearDown" finished-at="2019-03-21T17:58:41Z" duration-ms="676" status="PASS">
          <reporter-output>
          </reporter-output>
        </test-method> <!-- TearDown -->
        <test-method is-config="true" signature="SetUp()[pri:0, instance:com.TestCases.LoginPageTest@2e3967ea]" started-at="2019-03-21T17:58:41Z" name="SetUp" finished-at="2019-03-21T17:58:45Z" duration-ms="4606" status="PASS">
          <reporter-output>
          </reporter-output>
        </test-method> <!-- SetUp -->
        <test-method signature="VerifyLoginPage()[pri:2, instance:com.TestCases.LoginPageTest@2e3967ea]" started-at="2019-03-21T17:58:45Z" name="VerifyLoginPage" finished-at="2019-03-21T17:58:48Z" duration-ms="2250" status="PASS">
          <reporter-output>
          </reporter-output>
        </test-method> <!-- VerifyLoginPage -->
        <test-method is-config="true" signature="TearDown()[pri:0, instance:com.TestCases.LoginPageTest@2e3967ea]" started-at="2019-03-21T17:58:48Z" name="TearDown" finished-at="2019-03-21T17:58:48Z" duration-ms="644" status="PASS">
          <reporter-output>
          </reporter-output>
        </test-method> <!-- TearDown -->
        <test-method is-config="true" signature="SetUp()[pri:0, instance:com.TestCases.LoginPageTest@2e3967ea]" started-at="2019-03-21T17:58:48Z" name="SetUp" finished-at="2019-03-21T17:58:53Z" duration-ms="4984" status="PASS">
          <reporter-output>
          </reporter-output>
        </test-method> <!-- SetUp -->
        <test-method signature="VerifyErrorMessageWithInvalidUserNamePassword()[pri:3, instance:com.TestCases.LoginPageTest@2e3967ea]" started-at="2019-03-21T17:58:53Z" name="VerifyErrorMessageWithInvalidUserNamePassword" finished-at="2019-03-21T17:59:00Z" duration-ms="6766" status="PASS">
          <reporter-output>
          </reporter-output>
        </test-method> <!-- VerifyErrorMessageWithInvalidUserNamePassword -->
        <test-method is-config="true" signature="TearDown()[pri:0, instance:com.TestCases.LoginPageTest@2e3967ea]" started-at="2019-03-21T17:59:00Z" name="TearDown" finished-at="2019-03-21T17:59:01Z" duration-ms="642" status="PASS">
          <reporter-output>
          </reporter-output>
        </test-method> <!-- TearDown -->
        <test-method is-config="true" signature="SetUp()[pri:0, instance:com.TestCases.LoginPageTest@2e3967ea]" started-at="2019-03-21T17:59:01Z" name="SetUp" finished-at="2019-03-21T17:59:05Z" duration-ms="4596" status="PASS">
          <reporter-output>
          </reporter-output>
        </test-method> <!-- SetUp -->
        <test-method signature="VerifyUserInHomePage()[pri:4, instance:com.TestCases.LoginPageTest@2e3967ea]" started-at="2019-03-21T17:59:05Z" name="VerifyUserInHomePage" finished-at="2019-03-21T17:59:07Z" duration-ms="2242" status="PASS">
          <reporter-output>
          </reporter-output>
        </test-method> <!-- VerifyUserInHomePage -->
        <test-method is-config="true" signature="TearDown()[pri:0, instance:com.TestCases.LoginPageTest@2e3967ea]" started-at="2019-03-21T17:59:07Z" name="TearDown" finished-at="2019-03-21T17:59:08Z" duration-ms="674" status="PASS">
          <reporter-output>
          </reporter-output>
        </test-method> <!-- TearDown -->
      </class> <!-- com.TestCases.LoginPageTest -->
    </test> <!-- Default test -->
  </suite> <!-- Default suite -->
</testng-results>
